[18-Apr-2024 14:39:40 UTC] PHP Deprecated:  Creation of dynamic property Puvox\tempclass_file::$parent is deprecated in C:\xampp\htdocs\wordpress\wp-content\plugins\enable-wp-debug-from-admin-dashboard\library.php on line 5119
[18-Apr-2024 14:39:40 UTC] PHP Deprecated:  Creation of dynamic property Puvox\library_wp::$file is deprecated in C:\xampp\htdocs\wordpress\wp-content\plugins\enable-wp-debug-from-admin-dashboard\library.php on line 5095
[18-Apr-2024 14:39:40 UTC] PHP Deprecated:  Creation of dynamic property Puvox\tempclass_cache::$parent is deprecated in C:\xampp\htdocs\wordpress\wp-content\plugins\enable-wp-debug-from-admin-dashboard\library.php on line 5237
[18-Apr-2024 14:39:40 UTC] PHP Deprecated:  Creation of dynamic property Puvox\tempclass_cache_file::$parent is deprecated in C:\xampp\htdocs\wordpress\wp-content\plugins\enable-wp-debug-from-admin-dashboard\library.php on line 5246
[18-Apr-2024 14:39:40 UTC] PHP Deprecated:  Creation of dynamic property Puvox\tempclass_cache::$file is deprecated in C:\xampp\htdocs\wordpress\wp-content\plugins\enable-wp-debug-from-admin-dashboard\library.php on line 5238
[18-Apr-2024 14:39:40 UTC] PHP Deprecated:  Creation of dynamic property Puvox\library_wp::$cache is deprecated in C:\xampp\htdocs\wordpress\wp-content\plugins\enable-wp-debug-from-admin-dashboard\library.php on line 5096
[18-Apr-2024 14:39:40 UTC] PHP Deprecated:  Creation of dynamic property Puvox\library_wp::$ip is deprecated in C:\xampp\htdocs\wordpress\wp-content\plugins\enable-wp-debug-from-admin-dashboard\library.php on line 4996
[18-Apr-2024 14:39:40 UTC] PHP Deprecated:  Creation of dynamic property Puvox\library_wp::$isMobile is deprecated in C:\xampp\htdocs\wordpress\wp-content\plugins\enable-wp-debug-from-admin-dashboard\library.php on line 4997
[18-Apr-2024 14:39:40 UTC] PHP Deprecated:  Creation of dynamic property Puvox\library_wp::$isWP is deprecated in C:\xampp\htdocs\wordpress\wp-content\plugins\enable-wp-debug-from-admin-dashboard\library.php on line 4998
[18-Apr-2024 14:39:40 UTC] PHP Deprecated:  Creation of dynamic property Puvox\library_wp::$is_cli is deprecated in C:\xampp\htdocs\wordpress\wp-content\plugins\enable-wp-debug-from-admin-dashboard\library.php on line 4999
[18-Apr-2024 14:39:40 UTC] PHP Deprecated:  Creation of dynamic property Puvox\library_wp::$is_development is deprecated in C:\xampp\htdocs\wordpress\wp-content\plugins\enable-wp-debug-from-admin-dashboard\library.php on line 5000
[18-Apr-2024 14:39:40 UTC] PHP Deprecated:  Creation of dynamic property Puvox\library_wp::$is_https is deprecated in C:\xampp\htdocs\wordpress\wp-content\plugins\enable-wp-debug-from-admin-dashboard\library.php on line 5002
[18-Apr-2024 14:39:40 UTC] PHP Deprecated:  Creation of dynamic property Puvox\library_wp::$https is deprecated in C:\xampp\htdocs\wordpress\wp-content\plugins\enable-wp-debug-from-admin-dashboard\library.php on line 5003
[18-Apr-2024 14:39:40 UTC] PHP Deprecated:  Creation of dynamic property Puvox\library_wp::$domainCurrent is deprecated in C:\xampp\htdocs\wordpress\wp-content\plugins\enable-wp-debug-from-admin-dashboard\library.php on line 5004
[18-Apr-2024 14:39:40 UTC] PHP Deprecated:  Creation of dynamic property Puvox\library_wp::$domain is deprecated in C:\xampp\htdocs\wordpress\wp-content\plugins\enable-wp-debug-from-admin-dashboard\library.php on line 5005
[18-Apr-2024 14:39:40 UTC] PHP Deprecated:  Creation of dynamic property Puvox\library_wp::$requestURL is deprecated in C:\xampp\htdocs\wordpress\wp-content\plugins\enable-wp-debug-from-admin-dashboard\library.php on line 5006
[18-Apr-2024 14:39:40 UTC] PHP Deprecated:  Creation of dynamic property Puvox\library_wp::$requestURI is deprecated in C:\xampp\htdocs\wordpress\wp-content\plugins\enable-wp-debug-from-admin-dashboard\library.php on line 5006
[18-Apr-2024 14:39:40 UTC] PHP Deprecated:  Creation of dynamic property Puvox\library_wp::$currentURL is deprecated in C:\xampp\htdocs\wordpress\wp-content\plugins\enable-wp-debug-from-admin-dashboard\library.php on line 5007
[18-Apr-2024 14:39:40 UTC] PHP Deprecated:  Creation of dynamic property Puvox\library_wp::$domainCurrentWithoutPort is deprecated in C:\xampp\htdocs\wordpress\wp-content\plugins\enable-wp-debug-from-admin-dashboard\library.php on line 5008
[18-Apr-2024 14:39:40 UTC] PHP Deprecated:  Creation of dynamic property Puvox\library_wp::$is_localhost is deprecated in C:\xampp\htdocs\wordpress\wp-content\plugins\enable-wp-debug-from-admin-dashboard\library.php on line 5009
[18-Apr-2024 14:39:40 UTC] PHP Deprecated:  Creation of dynamic property Puvox\library_wp::$empty_image is deprecated in C:\xampp\htdocs\wordpress\wp-content\plugins\enable-wp-debug-from-admin-dashboard\library.php on line 5011
[18-Apr-2024 14:39:40 UTC] PHP Deprecated:  Creation of dynamic property Puvox\library_wp::$extra_options_enabled is deprecated in C:\xampp\htdocs\wordpress\wp-content\plugins\enable-wp-debug-from-admin-dashboard\library.php on line 5012
[18-Apr-2024 14:39:40 UTC] PHP Deprecated:  Creation of dynamic property Puvox\library_wp::$module_NAMESPACE is deprecated in C:\xampp\htdocs\wordpress\wp-content\plugins\enable-wp-debug-from-admin-dashboard\library.php on line 5025
[18-Apr-2024 14:39:40 UTC] PHP Deprecated:  Creation of dynamic property Puvox\library_wp::$moduleFILE is deprecated in C:\xampp\htdocs\wordpress\wp-content\plugins\enable-wp-debug-from-admin-dashboard\library.php on line 5026
[18-Apr-2024 14:39:40 UTC] PHP Deprecated:  Creation of dynamic property Puvox\library_wp::$moduleDIR is deprecated in C:\xampp\htdocs\wordpress\wp-content\plugins\enable-wp-debug-from-admin-dashboard\library.php on line 5027
[18-Apr-2024 14:39:40 UTC] PHP Deprecated:  Creation of dynamic property Puvox\library_wp::$prefix is deprecated in C:\xampp\htdocs\wordpress\wp-content\plugins\enable-wp-debug-from-admin-dashboard\library.php on line 5028
[18-Apr-2024 14:39:40 UTC] PHP Deprecated:  Creation of dynamic property Puvox\library_wp::$prefix_ is deprecated in C:\xampp\htdocs\wordpress\wp-content\plugins\enable-wp-debug-from-admin-dashboard\library.php on line 5029
[18-Apr-2024 14:39:40 UTC] PHP Deprecated:  Creation of dynamic property Puvox\library_wp::$wpURL is deprecated in C:\xampp\htdocs\wordpress\wp-content\plugins\enable-wp-debug-from-admin-dashboard\library.php on line 5043
[18-Apr-2024 14:39:40 UTC] PHP Deprecated:  Creation of dynamic property Puvox\library_wp::$wpFOLDER is deprecated in C:\xampp\htdocs\wordpress\wp-content\plugins\enable-wp-debug-from-admin-dashboard\library.php on line 5044
[18-Apr-2024 14:39:40 UTC] PHP Deprecated:  Creation of dynamic property Puvox\library_wp::$homeURL is deprecated in C:\xampp\htdocs\wordpress\wp-content\plugins\enable-wp-debug-from-admin-dashboard\library.php on line 5045
[18-Apr-2024 14:39:40 UTC] PHP Deprecated:  Creation of dynamic property Puvox\library_wp::$homeFOLDER is deprecated in C:\xampp\htdocs\wordpress\wp-content\plugins\enable-wp-debug-from-admin-dashboard\library.php on line 5046
[18-Apr-2024 14:39:40 UTC] PHP Deprecated:  Creation of dynamic property Puvox\library_wp::$moduleURL is deprecated in C:\xampp\htdocs\wordpress\wp-content\plugins\enable-wp-debug-from-admin-dashboard\library.php on line 5047
[18-Apr-2024 14:39:40 UTC] PHP Deprecated:  Creation of dynamic property Puvox\library_wp::$plugin_entryfile is deprecated in C:\xampp\htdocs\wordpress\wp-content\plugins\enable-wp-debug-from-admin-dashboard\library.php on line 5048
[18-Apr-2024 14:39:40 UTC] PHP Deprecated:  Creation of dynamic property Puvox\library_wp::$httpsReal is deprecated in C:\xampp\htdocs\wordpress\wp-content\plugins\enable-wp-debug-from-admin-dashboard\library.php on line 5050
[18-Apr-2024 14:39:40 UTC] PHP Deprecated:  Creation of dynamic property Puvox\library_wp::$domainReal is deprecated in C:\xampp\htdocs\wordpress\wp-content\plugins\enable-wp-debug-from-admin-dashboard\library.php on line 5051
[18-Apr-2024 14:39:40 UTC] PHP Deprecated:  Creation of dynamic property Puvox\library_wp::$domainNaked is deprecated in C:\xampp\htdocs\wordpress\wp-content\plugins\enable-wp-debug-from-admin-dashboard\library.php on line 5051
[18-Apr-2024 14:39:40 UTC] PHP Deprecated:  Creation of dynamic property Puvox\library_wp::$domain_schemeless is deprecated in C:\xampp\htdocs\wordpress\wp-content\plugins\enable-wp-debug-from-admin-dashboard\library.php on line 5053
[18-Apr-2024 14:39:40 UTC] PHP Deprecated:  Creation of dynamic property Puvox\library_wp::$site_slug is deprecated in C:\xampp\htdocs\wordpress\wp-content\plugins\enable-wp-debug-from-admin-dashboard\library.php on line 5054
[18-Apr-2024 14:39:40 UTC] PHP Deprecated:  Creation of dynamic property Puvox\library_wp::$urlAfterHome is deprecated in C:\xampp\htdocs\wordpress\wp-content\plugins\enable-wp-debug-from-admin-dashboard\library.php on line 5055
[18-Apr-2024 14:39:40 UTC] PHP Deprecated:  Creation of dynamic property Puvox\library_wp::$pathAfterHome is deprecated in C:\xampp\htdocs\wordpress\wp-content\plugins\enable-wp-debug-from-admin-dashboard\library.php on line 5056
[18-Apr-2024 14:39:40 UTC] PHP Deprecated:  Creation of dynamic property Puvox\library_wp::$homeUrlStripped is deprecated in C:\xampp\htdocs\wordpress\wp-content\plugins\enable-wp-debug-from-admin-dashboard\library.php on line 5057
[18-Apr-2024 14:39:40 UTC] PHP Deprecated:  Creation of dynamic property Puvox\library_wp::$baseFILE is deprecated in C:\xampp\htdocs\wordpress\wp-content\plugins\enable-wp-debug-from-admin-dashboard\library.php on line 5059
[18-Apr-2024 14:39:40 UTC] PHP Deprecated:  Creation of dynamic property Puvox\library_wp::$baseDIR is deprecated in C:\xampp\htdocs\wordpress\wp-content\plugins\enable-wp-debug-from-admin-dashboard\library.php on line 5060
[18-Apr-2024 14:39:40 UTC] PHP Deprecated:  Creation of dynamic property Puvox\library_wp::$baseURL is deprecated in C:\xampp\htdocs\wordpress\wp-content\plugins\enable-wp-debug-from-admin-dashboard\library.php on line 5061
[18-Apr-2024 14:39:40 UTC] PHP Deprecated:  Creation of dynamic property Puvox\library_wp::$baseScriptsFolder is deprecated in C:\xampp\htdocs\wordpress\wp-content\plugins\enable-wp-debug-from-admin-dashboard\library.php on line 5062
[18-Apr-2024 14:39:40 UTC] PHP Deprecated:  Creation of dynamic property Puvox\library_wp::$baseScriptsDir is deprecated in C:\xampp\htdocs\wordpress\wp-content\plugins\enable-wp-debug-from-admin-dashboard\library.php on line 5063
[18-Apr-2024 14:39:40 UTC] PHP Deprecated:  Creation of dynamic property Puvox\library_wp::$baseScriptsUrl is deprecated in C:\xampp\htdocs\wordpress\wp-content\plugins\enable-wp-debug-from-admin-dashboard\library.php on line 5064
[18-Apr-2024 14:39:40 UTC] PHP Deprecated:  Creation of dynamic property Puvox\library_wp::$changeable_JS_CSS_version is deprecated in C:\xampp\htdocs\wordpress\wp-content\plugins\enable-wp-debug-from-admin-dashboard\library.php on line 5065
[18-Apr-2024 14:39:40 UTC] PHP Deprecated:  Creation of dynamic property Puvox\library_wp::$BLOGSLUG is deprecated in C:\xampp\htdocs\wordpress\wp-content\plugins\enable-wp-debug-from-admin-dashboard\library_wp.php on line 46
[18-Apr-2024 14:39:40 UTC] PHP Deprecated:  Creation of dynamic property Puvox\library_wp::$this_file_link is deprecated in C:\xampp\htdocs\wordpress\wp-content\plugins\enable-wp-debug-from-admin-dashboard\library_wp.php on line 49
[18-Apr-2024 14:39:40 UTC] PHP Deprecated:  Creation of dynamic property Puvox\library_wp::$PHP_customCALL is deprecated in C:\xampp\htdocs\wordpress\wp-content\plugins\enable-wp-debug-from-admin-dashboard\library_wp.php on line 50
[18-Apr-2024 14:39:40 UTC] PHP Deprecated:  Creation of dynamic property EnableWpDebugFromDashboard\PluginClass::$wpdb is deprecated in C:\xampp\htdocs\wordpress\wp-content\plugins\enable-wp-debug-from-admin-dashboard\library_wp.php on line 1689
[18-Apr-2024 14:39:40 UTC] PHP Deprecated:  Creation of dynamic property EnableWpDebugFromDashboard\PluginClass::$slug is deprecated in C:\xampp\htdocs\wordpress\wp-content\plugins\enable-wp-debug-from-admin-dashboard\library_wp.php on line 1774
[18-Apr-2024 14:39:40 UTC] PHP Deprecated:  Creation of dynamic property EnableWpDebugFromDashboard\PluginClass::$plugin_slug is deprecated in C:\xampp\htdocs\wordpress\wp-content\plugins\enable-wp-debug-from-admin-dashboard\library_wp.php on line 1775
[18-Apr-2024 14:39:40 UTC] PHP Deprecated:  Creation of dynamic property EnableWpDebugFromDashboard\PluginClass::$plugin_slug_u is deprecated in C:\xampp\htdocs\wordpress\wp-content\plugins\enable-wp-debug-from-admin-dashboard\library_wp.php on line 1776
[18-Apr-2024 14:39:40 UTC] PHP Deprecated:  Creation of dynamic property Puvox\library_wp::$slug is deprecated in C:\xampp\htdocs\wordpress\wp-content\plugins\enable-wp-debug-from-admin-dashboard\library_wp.php on line 1778
[18-Apr-2024 14:39:40 UTC] PHP Deprecated:  Creation of dynamic property Puvox\library_wp::$plugin_slug is deprecated in C:\xampp\htdocs\wordpress\wp-content\plugins\enable-wp-debug-from-admin-dashboard\library_wp.php on line 1779
[18-Apr-2024 14:39:40 UTC] PHP Deprecated:  Creation of dynamic property Puvox\library_wp::$plugin_slug_u is deprecated in C:\xampp\htdocs\wordpress\wp-content\plugins\enable-wp-debug-from-admin-dashboard\library_wp.php on line 1780
[18-Apr-2024 14:39:40 UTC] PHP Deprecated:  Creation of dynamic property EnableWpDebugFromDashboard\PluginClass::$initial_user_options is deprecated in C:\xampp\htdocs\wordpress\wp-content\plugins\enable-wp-debug-from-admin-dashboard\library_wp.php on line 1812
[18-Apr-2024 14:39:40 UTC] PHP Deprecated:  Creation of dynamic property EnableWpDebugFromDashboard\PluginClass::$initial_static_options is deprecated in C:\xampp\htdocs\wordpress\wp-content\plugins\enable-wp-debug-from-admin-dashboard\index.php on line 32
[18-Apr-2024 14:39:40 UTC] PHP Deprecated:  Creation of dynamic property EnableWpDebugFromDashboard\PluginClass::$static_settings is deprecated in C:\xampp\htdocs\wordpress\wp-content\plugins\enable-wp-debug-from-admin-dashboard\library_wp.php on line 1820
[18-Apr-2024 14:39:40 UTC] PHP Deprecated:  Creation of dynamic property EnableWpDebugFromDashboard\PluginClass::$network_managed_is_selected is deprecated in C:\xampp\htdocs\wordpress\wp-content\plugins\enable-wp-debug-from-admin-dashboard\library_wp.php on line 1698
[18-Apr-2024 14:39:40 UTC] PHP Deprecated:  Creation of dynamic property EnableWpDebugFromDashboard\PluginClass::$opts is deprecated in C:\xampp\htdocs\wordpress\wp-content\plugins\enable-wp-debug-from-admin-dashboard\library_wp.php on line 1959
[18-Apr-2024 14:39:40 UTC] PHP Deprecated:  Creation of dynamic property EnableWpDebugFromDashboard\PluginClass::$notes_enabled is deprecated in C:\xampp\htdocs\wordpress\wp-content\plugins\enable-wp-debug-from-admin-dashboard\library_wp.php on line 1705
[18-Apr-2024 14:39:40 UTC] PHP Deprecated:  Creation of dynamic property EnableWpDebugFromDashboard\PluginClass::$is_pro is deprecated in C:\xampp\htdocs\wordpress\wp-content\plugins\enable-wp-debug-from-admin-dashboard\library_wp.php on line 2024
[18-Apr-2024 14:39:40 UTC] PHP Deprecated:  Creation of dynamic property EnableWpDebugFromDashboard\PluginClass::$is_pro_legal is deprecated in C:\xampp\htdocs\wordpress\wp-content\plugins\enable-wp-debug-from-admin-dashboard\library_wp.php on line 2025
[18-Apr-2024 14:39:40 UTC] PHP Deprecated:  Creation of dynamic property EnableWpDebugFromDashboard\PluginClass::$addons_dir is deprecated in C:\xampp\htdocs\wordpress\wp-content\plugins\enable-wp-debug-from-admin-dashboard\library_wp.php on line 2043
[18-Apr-2024 14:39:40 UTC] PHP Deprecated:  Creation of dynamic property EnableWpDebugFromDashboard\PluginClass::$wp_congif_addon_php is deprecated in C:\xampp\htdocs\wordpress\wp-content\plugins\enable-wp-debug-from-admin-dashboard\index.php on line 72
[18-Apr-2024 14:39:40 UTC] PHP Deprecated:  Creation of dynamic property EnableWpDebugFromDashboard\PluginClass::$permission_file is deprecated in C:\xampp\htdocs\wordpress\wp-content\plugins\enable-wp-debug-from-admin-dashboard\index.php on line 73
[18-Apr-2024 14:39:40 UTC] PHP Deprecated:  Creation of dynamic property EnableWpDebugFromDashboard\PluginClass::$phrase_start is deprecated in C:\xampp\htdocs\wordpress\wp-content\plugins\enable-wp-debug-from-admin-dashboard\index.php on line 74
[18-Apr-2024 14:39:40 UTC] PHP Deprecated:  Creation of dynamic property EnableWpDebugFromDashboard\PluginClass::$phrase_end is deprecated in C:\xampp\htdocs\wordpress\wp-content\plugins\enable-wp-debug-from-admin-dashboard\index.php on line 75
[18-Apr-2024 14:39:40 UTC] PHP Deprecated:  Creation of dynamic property EnableWpDebugFromDashboard\PluginClass::$network_wide_active is deprecated in C:\xampp\htdocs\wordpress\wp-content\plugins\enable-wp-debug-from-admin-dashboard\library_wp.php on line 1709
[18-Apr-2024 14:39:40 UTC] PHP Deprecated:  Creation of dynamic property EnableWpDebugFromDashboard\PluginClass::$settingsPHP_page_dynamic is deprecated in C:\xampp\htdocs\wordpress\wp-content\plugins\enable-wp-debug-from-admin-dashboard\library_wp.php on line 1713
[18-Apr-2024 14:39:40 UTC] PHP Deprecated:  Creation of dynamic property EnableWpDebugFromDashboard\PluginClass::$plugin_page_url is deprecated in C:\xampp\htdocs\wordpress\wp-content\plugins\enable-wp-debug-from-admin-dashboard\library_wp.php on line 1716
[18-Apr-2024 14:39:40 UTC] PHP Deprecated:  Creation of dynamic property EnableWpDebugFromDashboard\PluginClass::$plugin_files is deprecated in C:\xampp\htdocs\wordpress\wp-content\plugins\enable-wp-debug-from-admin-dashboard\library_wp.php on line 1720
[18-Apr-2024 14:39:40 UTC] PHP Deprecated:  Creation of dynamic property EnableWpDebugFromDashboard\PluginClass::$translation_phrases is deprecated in C:\xampp\htdocs\wordpress\wp-content\plugins\enable-wp-debug-from-admin-dashboard\library_wp.php on line 1721
[18-Apr-2024 14:39:40 UTC] PHP Deprecated:  Creation of dynamic property EnableWpDebugFromDashboard\PluginClass::$is_in_customizer is deprecated in C:\xampp\htdocs\wordpress\wp-content\plugins\enable-wp-debug-from-admin-dashboard\library_wp.php on line 1722
[18-Apr-2024 14:39:40 UTC] PHP Deprecated:  Creation of dynamic property EnableWpDebugFromDashboard\PluginClass::$myplugin_class is deprecated in C:\xampp\htdocs\wordpress\wp-content\plugins\enable-wp-debug-from-admin-dashboard\library_wp.php on line 1723
[18-Apr-2024 14:39:40 UTC] PHP Deprecated:  Creation of dynamic property EnableWpDebugFromDashboard\PluginClass::$addon_namepart is deprecated in C:\xampp\htdocs\wordpress\wp-content\plugins\enable-wp-debug-from-admin-dashboard\library_wp.php on line 1724
[18-Apr-2024 14:39:40 UTC] PHP Deprecated:  Creation of dynamic property EnableWpDebugFromDashboard\PluginClass::$pro_file_part is deprecated in C:\xampp\htdocs\wordpress\wp-content\plugins\enable-wp-debug-from-admin-dashboard\library_wp.php on line 1759
[18-Apr-2024 14:39:48 UTC] PHP Deprecated:  Creation of dynamic property Puvox\tempclass_file::$parent is deprecated in C:\xampp\htdocs\wordpress\wp-content\plugins\enable-wp-debug-from-admin-dashboard\library.php on line 5119
[18-Apr-2024 14:39:48 UTC] PHP Deprecated:  Creation of dynamic property Puvox\library_wp::$file is deprecated in C:\xampp\htdocs\wordpress\wp-content\plugins\enable-wp-debug-from-admin-dashboard\library.php on line 5095
[18-Apr-2024 14:39:48 UTC] PHP Deprecated:  Creation of dynamic property Puvox\tempclass_cache::$parent is deprecated in C:\xampp\htdocs\wordpress\wp-content\plugins\enable-wp-debug-from-admin-dashboard\library.php on line 5237
[18-Apr-2024 14:39:48 UTC] PHP Deprecated:  Creation of dynamic property Puvox\tempclass_cache_file::$parent is deprecated in C:\xampp\htdocs\wordpress\wp-content\plugins\enable-wp-debug-from-admin-dashboard\library.php on line 5246
[18-Apr-2024 14:39:48 UTC] PHP Deprecated:  Creation of dynamic property Puvox\tempclass_cache::$file is deprecated in C:\xampp\htdocs\wordpress\wp-content\plugins\enable-wp-debug-from-admin-dashboard\library.php on line 5238
[18-Apr-2024 14:39:48 UTC] PHP Deprecated:  Creation of dynamic property Puvox\library_wp::$cache is deprecated in C:\xampp\htdocs\wordpress\wp-content\plugins\enable-wp-debug-from-admin-dashboard\library.php on line 5096
[18-Apr-2024 14:39:48 UTC] PHP Deprecated:  Creation of dynamic property Puvox\library_wp::$ip is deprecated in C:\xampp\htdocs\wordpress\wp-content\plugins\enable-wp-debug-from-admin-dashboard\library.php on line 4996
[18-Apr-2024 14:39:48 UTC] PHP Deprecated:  Creation of dynamic property Puvox\library_wp::$isMobile is deprecated in C:\xampp\htdocs\wordpress\wp-content\plugins\enable-wp-debug-from-admin-dashboard\library.php on line 4997
[18-Apr-2024 14:39:48 UTC] PHP Deprecated:  Creation of dynamic property Puvox\library_wp::$isWP is deprecated in C:\xampp\htdocs\wordpress\wp-content\plugins\enable-wp-debug-from-admin-dashboard\library.php on line 4998
[18-Apr-2024 14:39:48 UTC] PHP Deprecated:  Creation of dynamic property Puvox\library_wp::$is_cli is deprecated in C:\xampp\htdocs\wordpress\wp-content\plugins\enable-wp-debug-from-admin-dashboard\library.php on line 4999
[18-Apr-2024 14:39:48 UTC] PHP Deprecated:  Creation of dynamic property Puvox\library_wp::$is_development is deprecated in C:\xampp\htdocs\wordpress\wp-content\plugins\enable-wp-debug-from-admin-dashboard\library.php on line 5000
[18-Apr-2024 14:39:48 UTC] PHP Deprecated:  Creation of dynamic property Puvox\library_wp::$is_https is deprecated in C:\xampp\htdocs\wordpress\wp-content\plugins\enable-wp-debug-from-admin-dashboard\library.php on line 5002
[18-Apr-2024 14:39:48 UTC] PHP Deprecated:  Creation of dynamic property Puvox\library_wp::$https is deprecated in C:\xampp\htdocs\wordpress\wp-content\plugins\enable-wp-debug-from-admin-dashboard\library.php on line 5003
[18-Apr-2024 14:39:48 UTC] PHP Deprecated:  Creation of dynamic property Puvox\library_wp::$domainCurrent is deprecated in C:\xampp\htdocs\wordpress\wp-content\plugins\enable-wp-debug-from-admin-dashboard\library.php on line 5004
[18-Apr-2024 14:39:48 UTC] PHP Deprecated:  Creation of dynamic property Puvox\library_wp::$domain is deprecated in C:\xampp\htdocs\wordpress\wp-content\plugins\enable-wp-debug-from-admin-dashboard\library.php on line 5005
[18-Apr-2024 14:39:48 UTC] PHP Deprecated:  Creation of dynamic property Puvox\library_wp::$requestURL is deprecated in C:\xampp\htdocs\wordpress\wp-content\plugins\enable-wp-debug-from-admin-dashboard\library.php on line 5006
[18-Apr-2024 14:39:48 UTC] PHP Deprecated:  Creation of dynamic property Puvox\library_wp::$requestURI is deprecated in C:\xampp\htdocs\wordpress\wp-content\plugins\enable-wp-debug-from-admin-dashboard\library.php on line 5006
[18-Apr-2024 14:39:48 UTC] PHP Deprecated:  Creation of dynamic property Puvox\library_wp::$currentURL is deprecated in C:\xampp\htdocs\wordpress\wp-content\plugins\enable-wp-debug-from-admin-dashboard\library.php on line 5007
[18-Apr-2024 14:39:48 UTC] PHP Deprecated:  Creation of dynamic property Puvox\library_wp::$domainCurrentWithoutPort is deprecated in C:\xampp\htdocs\wordpress\wp-content\plugins\enable-wp-debug-from-admin-dashboard\library.php on line 5008
[18-Apr-2024 14:39:48 UTC] PHP Deprecated:  Creation of dynamic property Puvox\library_wp::$is_localhost is deprecated in C:\xampp\htdocs\wordpress\wp-content\plugins\enable-wp-debug-from-admin-dashboard\library.php on line 5009
[18-Apr-2024 14:39:48 UTC] PHP Deprecated:  Creation of dynamic property Puvox\library_wp::$empty_image is deprecated in C:\xampp\htdocs\wordpress\wp-content\plugins\enable-wp-debug-from-admin-dashboard\library.php on line 5011
[18-Apr-2024 14:39:48 UTC] PHP Deprecated:  Creation of dynamic property Puvox\library_wp::$extra_options_enabled is deprecated in C:\xampp\htdocs\wordpress\wp-content\plugins\enable-wp-debug-from-admin-dashboard\library.php on line 5012
[18-Apr-2024 14:39:48 UTC] PHP Deprecated:  Creation of dynamic property Puvox\library_wp::$module_NAMESPACE is deprecated in C:\xampp\htdocs\wordpress\wp-content\plugins\enable-wp-debug-from-admin-dashboard\library.php on line 5025
[18-Apr-2024 14:39:48 UTC] PHP Deprecated:  Creation of dynamic property Puvox\library_wp::$moduleFILE is deprecated in C:\xampp\htdocs\wordpress\wp-content\plugins\enable-wp-debug-from-admin-dashboard\library.php on line 5026
[18-Apr-2024 14:39:48 UTC] PHP Deprecated:  Creation of dynamic property Puvox\library_wp::$moduleDIR is deprecated in C:\xampp\htdocs\wordpress\wp-content\plugins\enable-wp-debug-from-admin-dashboard\library.php on line 5027
[18-Apr-2024 14:39:48 UTC] PHP Deprecated:  Creation of dynamic property Puvox\library_wp::$prefix is deprecated in C:\xampp\htdocs\wordpress\wp-content\plugins\enable-wp-debug-from-admin-dashboard\library.php on line 5028
[18-Apr-2024 14:39:48 UTC] PHP Deprecated:  Creation of dynamic property Puvox\library_wp::$prefix_ is deprecated in C:\xampp\htdocs\wordpress\wp-content\plugins\enable-wp-debug-from-admin-dashboard\library.php on line 5029
[18-Apr-2024 14:39:48 UTC] PHP Deprecated:  Creation of dynamic property Puvox\library_wp::$wpURL is deprecated in C:\xampp\htdocs\wordpress\wp-content\plugins\enable-wp-debug-from-admin-dashboard\library.php on line 5043
[18-Apr-2024 14:39:48 UTC] PHP Deprecated:  Creation of dynamic property Puvox\library_wp::$wpFOLDER is deprecated in C:\xampp\htdocs\wordpress\wp-content\plugins\enable-wp-debug-from-admin-dashboard\library.php on line 5044
[18-Apr-2024 14:39:48 UTC] PHP Deprecated:  Creation of dynamic property Puvox\library_wp::$homeURL is deprecated in C:\xampp\htdocs\wordpress\wp-content\plugins\enable-wp-debug-from-admin-dashboard\library.php on line 5045
[18-Apr-2024 14:39:48 UTC] PHP Deprecated:  Creation of dynamic property Puvox\library_wp::$homeFOLDER is deprecated in C:\xampp\htdocs\wordpress\wp-content\plugins\enable-wp-debug-from-admin-dashboard\library.php on line 5046
[18-Apr-2024 14:39:48 UTC] PHP Deprecated:  Creation of dynamic property Puvox\library_wp::$moduleURL is deprecated in C:\xampp\htdocs\wordpress\wp-content\plugins\enable-wp-debug-from-admin-dashboard\library.php on line 5047
[18-Apr-2024 14:39:48 UTC] PHP Deprecated:  Creation of dynamic property Puvox\library_wp::$plugin_entryfile is deprecated in C:\xampp\htdocs\wordpress\wp-content\plugins\enable-wp-debug-from-admin-dashboard\library.php on line 5048
[18-Apr-2024 14:39:48 UTC] PHP Deprecated:  Creation of dynamic property Puvox\library_wp::$httpsReal is deprecated in C:\xampp\htdocs\wordpress\wp-content\plugins\enable-wp-debug-from-admin-dashboard\library.php on line 5050
[18-Apr-2024 14:39:48 UTC] PHP Deprecated:  Creation of dynamic property Puvox\library_wp::$domainReal is deprecated in C:\xampp\htdocs\wordpress\wp-content\plugins\enable-wp-debug-from-admin-dashboard\library.php on line 5051
[18-Apr-2024 14:39:48 UTC] PHP Deprecated:  Creation of dynamic property Puvox\library_wp::$domainNaked is deprecated in C:\xampp\htdocs\wordpress\wp-content\plugins\enable-wp-debug-from-admin-dashboard\library.php on line 5051
[18-Apr-2024 14:39:48 UTC] PHP Deprecated:  Creation of dynamic property Puvox\library_wp::$domain_schemeless is deprecated in C:\xampp\htdocs\wordpress\wp-content\plugins\enable-wp-debug-from-admin-dashboard\library.php on line 5053
[18-Apr-2024 14:39:48 UTC] PHP Deprecated:  Creation of dynamic property Puvox\library_wp::$site_slug is deprecated in C:\xampp\htdocs\wordpress\wp-content\plugins\enable-wp-debug-from-admin-dashboard\library.php on line 5054
[18-Apr-2024 14:39:48 UTC] PHP Deprecated:  Creation of dynamic property Puvox\library_wp::$urlAfterHome is deprecated in C:\xampp\htdocs\wordpress\wp-content\plugins\enable-wp-debug-from-admin-dashboard\library.php on line 5055
[18-Apr-2024 14:39:48 UTC] PHP Deprecated:  Creation of dynamic property Puvox\library_wp::$pathAfterHome is deprecated in C:\xampp\htdocs\wordpress\wp-content\plugins\enable-wp-debug-from-admin-dashboard\library.php on line 5056
[18-Apr-2024 14:39:48 UTC] PHP Deprecated:  Creation of dynamic property Puvox\library_wp::$homeUrlStripped is deprecated in C:\xampp\htdocs\wordpress\wp-content\plugins\enable-wp-debug-from-admin-dashboard\library.php on line 5057
[18-Apr-2024 14:39:48 UTC] PHP Deprecated:  Creation of dynamic property Puvox\library_wp::$baseFILE is deprecated in C:\xampp\htdocs\wordpress\wp-content\plugins\enable-wp-debug-from-admin-dashboard\library.php on line 5059
[18-Apr-2024 14:39:48 UTC] PHP Deprecated:  Creation of dynamic property Puvox\library_wp::$baseDIR is deprecated in C:\xampp\htdocs\wordpress\wp-content\plugins\enable-wp-debug-from-admin-dashboard\library.php on line 5060
[18-Apr-2024 14:39:48 UTC] PHP Deprecated:  Creation of dynamic property Puvox\library_wp::$baseURL is deprecated in C:\xampp\htdocs\wordpress\wp-content\plugins\enable-wp-debug-from-admin-dashboard\library.php on line 5061
[18-Apr-2024 14:39:48 UTC] PHP Deprecated:  Creation of dynamic property Puvox\library_wp::$baseScriptsFolder is deprecated in C:\xampp\htdocs\wordpress\wp-content\plugins\enable-wp-debug-from-admin-dashboard\library.php on line 5062
[18-Apr-2024 14:39:48 UTC] PHP Deprecated:  Creation of dynamic property Puvox\library_wp::$baseScriptsDir is deprecated in C:\xampp\htdocs\wordpress\wp-content\plugins\enable-wp-debug-from-admin-dashboard\library.php on line 5063
[18-Apr-2024 14:39:48 UTC] PHP Deprecated:  Creation of dynamic property Puvox\library_wp::$baseScriptsUrl is deprecated in C:\xampp\htdocs\wordpress\wp-content\plugins\enable-wp-debug-from-admin-dashboard\library.php on line 5064
[18-Apr-2024 14:39:48 UTC] PHP Deprecated:  Creation of dynamic property Puvox\library_wp::$changeable_JS_CSS_version is deprecated in C:\xampp\htdocs\wordpress\wp-content\plugins\enable-wp-debug-from-admin-dashboard\library.php on line 5065
[18-Apr-2024 14:39:48 UTC] PHP Deprecated:  Creation of dynamic property Puvox\library_wp::$BLOGSLUG is deprecated in C:\xampp\htdocs\wordpress\wp-content\plugins\enable-wp-debug-from-admin-dashboard\library_wp.php on line 46
[18-Apr-2024 14:39:48 UTC] PHP Deprecated:  Creation of dynamic property Puvox\library_wp::$this_file_link is deprecated in C:\xampp\htdocs\wordpress\wp-content\plugins\enable-wp-debug-from-admin-dashboard\library_wp.php on line 49
[18-Apr-2024 14:39:48 UTC] PHP Deprecated:  Creation of dynamic property Puvox\library_wp::$PHP_customCALL is deprecated in C:\xampp\htdocs\wordpress\wp-content\plugins\enable-wp-debug-from-admin-dashboard\library_wp.php on line 50
[18-Apr-2024 14:39:48 UTC] PHP Deprecated:  Creation of dynamic property EnableWpDebugFromDashboard\PluginClass::$wpdb is deprecated in C:\xampp\htdocs\wordpress\wp-content\plugins\enable-wp-debug-from-admin-dashboard\library_wp.php on line 1689
[18-Apr-2024 14:39:48 UTC] PHP Deprecated:  Creation of dynamic property EnableWpDebugFromDashboard\PluginClass::$slug is deprecated in C:\xampp\htdocs\wordpress\wp-content\plugins\enable-wp-debug-from-admin-dashboard\library_wp.php on line 1774
[18-Apr-2024 14:39:48 UTC] PHP Deprecated:  Creation of dynamic property EnableWpDebugFromDashboard\PluginClass::$plugin_slug is deprecated in C:\xampp\htdocs\wordpress\wp-content\plugins\enable-wp-debug-from-admin-dashboard\library_wp.php on line 1775
[18-Apr-2024 14:39:48 UTC] PHP Deprecated:  Creation of dynamic property EnableWpDebugFromDashboard\PluginClass::$plugin_slug_u is deprecated in C:\xampp\htdocs\wordpress\wp-content\plugins\enable-wp-debug-from-admin-dashboard\library_wp.php on line 1776
[18-Apr-2024 14:39:48 UTC] PHP Deprecated:  Creation of dynamic property Puvox\library_wp::$slug is deprecated in C:\xampp\htdocs\wordpress\wp-content\plugins\enable-wp-debug-from-admin-dashboard\library_wp.php on line 1778
[18-Apr-2024 14:39:48 UTC] PHP Deprecated:  Creation of dynamic property Puvox\library_wp::$plugin_slug is deprecated in C:\xampp\htdocs\wordpress\wp-content\plugins\enable-wp-debug-from-admin-dashboard\library_wp.php on line 1779
[18-Apr-2024 14:39:48 UTC] PHP Deprecated:  Creation of dynamic property Puvox\library_wp::$plugin_slug_u is deprecated in C:\xampp\htdocs\wordpress\wp-content\plugins\enable-wp-debug-from-admin-dashboard\library_wp.php on line 1780
[18-Apr-2024 14:39:48 UTC] PHP Deprecated:  Creation of dynamic property EnableWpDebugFromDashboard\PluginClass::$initial_user_options is deprecated in C:\xampp\htdocs\wordpress\wp-content\plugins\enable-wp-debug-from-admin-dashboard\library_wp.php on line 1812
[18-Apr-2024 14:39:48 UTC] PHP Deprecated:  Creation of dynamic property EnableWpDebugFromDashboard\PluginClass::$initial_static_options is deprecated in C:\xampp\htdocs\wordpress\wp-content\plugins\enable-wp-debug-from-admin-dashboard\index.php on line 32
[18-Apr-2024 14:39:48 UTC] PHP Deprecated:  Creation of dynamic property EnableWpDebugFromDashboard\PluginClass::$static_settings is deprecated in C:\xampp\htdocs\wordpress\wp-content\plugins\enable-wp-debug-from-admin-dashboard\library_wp.php on line 1820
[18-Apr-2024 14:39:48 UTC] PHP Deprecated:  Creation of dynamic property EnableWpDebugFromDashboard\PluginClass::$network_managed_is_selected is deprecated in C:\xampp\htdocs\wordpress\wp-content\plugins\enable-wp-debug-from-admin-dashboard\library_wp.php on line 1698
[18-Apr-2024 14:39:48 UTC] PHP Deprecated:  Creation of dynamic property EnableWpDebugFromDashboard\PluginClass::$opts is deprecated in C:\xampp\htdocs\wordpress\wp-content\plugins\enable-wp-debug-from-admin-dashboard\library_wp.php on line 1959
[18-Apr-2024 14:39:48 UTC] PHP Deprecated:  Creation of dynamic property EnableWpDebugFromDashboard\PluginClass::$notes_enabled is deprecated in C:\xampp\htdocs\wordpress\wp-content\plugins\enable-wp-debug-from-admin-dashboard\library_wp.php on line 1705
[18-Apr-2024 14:39:48 UTC] PHP Deprecated:  Creation of dynamic property EnableWpDebugFromDashboard\PluginClass::$is_pro is deprecated in C:\xampp\htdocs\wordpress\wp-content\plugins\enable-wp-debug-from-admin-dashboard\library_wp.php on line 2024
[18-Apr-2024 14:39:48 UTC] PHP Deprecated:  Creation of dynamic property EnableWpDebugFromDashboard\PluginClass::$is_pro_legal is deprecated in C:\xampp\htdocs\wordpress\wp-content\plugins\enable-wp-debug-from-admin-dashboard\library_wp.php on line 2025
[18-Apr-2024 14:39:48 UTC] PHP Deprecated:  Creation of dynamic property EnableWpDebugFromDashboard\PluginClass::$addons_dir is deprecated in C:\xampp\htdocs\wordpress\wp-content\plugins\enable-wp-debug-from-admin-dashboard\library_wp.php on line 2043
[18-Apr-2024 14:39:48 UTC] PHP Deprecated:  Creation of dynamic property EnableWpDebugFromDashboard\PluginClass::$wp_congif_addon_php is deprecated in C:\xampp\htdocs\wordpress\wp-content\plugins\enable-wp-debug-from-admin-dashboard\index.php on line 72
[18-Apr-2024 14:39:48 UTC] PHP Deprecated:  Creation of dynamic property EnableWpDebugFromDashboard\PluginClass::$permission_file is deprecated in C:\xampp\htdocs\wordpress\wp-content\plugins\enable-wp-debug-from-admin-dashboard\index.php on line 73
[18-Apr-2024 14:39:48 UTC] PHP Deprecated:  Creation of dynamic property EnableWpDebugFromDashboard\PluginClass::$phrase_start is deprecated in C:\xampp\htdocs\wordpress\wp-content\plugins\enable-wp-debug-from-admin-dashboard\index.php on line 74
[18-Apr-2024 14:39:48 UTC] PHP Deprecated:  Creation of dynamic property EnableWpDebugFromDashboard\PluginClass::$phrase_end is deprecated in C:\xampp\htdocs\wordpress\wp-content\plugins\enable-wp-debug-from-admin-dashboard\index.php on line 75
[18-Apr-2024 14:39:48 UTC] PHP Deprecated:  Creation of dynamic property EnableWpDebugFromDashboard\PluginClass::$network_wide_active is deprecated in C:\xampp\htdocs\wordpress\wp-content\plugins\enable-wp-debug-from-admin-dashboard\library_wp.php on line 1709
[18-Apr-2024 14:39:48 UTC] PHP Deprecated:  Creation of dynamic property EnableWpDebugFromDashboard\PluginClass::$settingsPHP_page_dynamic is deprecated in C:\xampp\htdocs\wordpress\wp-content\plugins\enable-wp-debug-from-admin-dashboard\library_wp.php on line 1713
[18-Apr-2024 14:39:48 UTC] PHP Deprecated:  Creation of dynamic property EnableWpDebugFromDashboard\PluginClass::$plugin_page_url is deprecated in C:\xampp\htdocs\wordpress\wp-content\plugins\enable-wp-debug-from-admin-dashboard\library_wp.php on line 1716
[18-Apr-2024 14:39:48 UTC] PHP Deprecated:  Creation of dynamic property EnableWpDebugFromDashboard\PluginClass::$plugin_files is deprecated in C:\xampp\htdocs\wordpress\wp-content\plugins\enable-wp-debug-from-admin-dashboard\library_wp.php on line 1720
[18-Apr-2024 14:39:48 UTC] PHP Deprecated:  Creation of dynamic property EnableWpDebugFromDashboard\PluginClass::$translation_phrases is deprecated in C:\xampp\htdocs\wordpress\wp-content\plugins\enable-wp-debug-from-admin-dashboard\library_wp.php on line 1721
[18-Apr-2024 14:39:48 UTC] PHP Deprecated:  Creation of dynamic property EnableWpDebugFromDashboard\PluginClass::$is_in_customizer is deprecated in C:\xampp\htdocs\wordpress\wp-content\plugins\enable-wp-debug-from-admin-dashboard\library_wp.php on line 1722
[18-Apr-2024 14:39:48 UTC] PHP Deprecated:  Creation of dynamic property EnableWpDebugFromDashboard\PluginClass::$myplugin_class is deprecated in C:\xampp\htdocs\wordpress\wp-content\plugins\enable-wp-debug-from-admin-dashboard\library_wp.php on line 1723
[18-Apr-2024 14:39:48 UTC] PHP Deprecated:  Creation of dynamic property EnableWpDebugFromDashboard\PluginClass::$addon_namepart is deprecated in C:\xampp\htdocs\wordpress\wp-content\plugins\enable-wp-debug-from-admin-dashboard\library_wp.php on line 1724
[18-Apr-2024 14:39:48 UTC] PHP Deprecated:  Creation of dynamic property EnableWpDebugFromDashboard\PluginClass::$pro_file_part is deprecated in C:\xampp\htdocs\wordpress\wp-content\plugins\enable-wp-debug-from-admin-dashboard\library_wp.php on line 1759
